2
2
2
2
2
2
2
2
2
2
2
2
2
3
2
2
3
3
2
2
2
2
2
4
2
3
4
2
2
2
3
2
2
2
2
2
3
2
2
3
2
3
3
2
2
2
2
3
3
2
3
3
5
4
4
5
3
2
2
5
2
3
2
5
3
4
3
4
5
2
6
2
3
2
2
4
3
2
2
3
2
4
3
5
3
5
5
2
3
5
4
2
3
5
3
3
2
2
2
3
3
7
3
2
3
2
4
4
6
2
6
5
4
2
7
2
2
5
2
2
3
3
6
4
4
2
3
5
3
4
7
3
2
5
4
5
7
4
2
5
7
4
10
3
8
2
2
2
2
4
4
4
3
6
2
4
5
2
6
2
3
2
7
2
6
3
2
4
5
2
6
2
8
3
4
9
4
3
3
11
3
4
5
5
5
4
7
6
5
2
3
4
3
3
8
3
6
6
9
5
2
2
5
6
5
3
2
9
6
4
10
7
8
5
5
4
6
4
7
7
10
7
4
3
5
12
2
13
3
10
5
3
10
3
10
13
10
16
8
13
3
10
8
7
9
6
8
6
7
6
6
2
2
9
7
6
6
9
6
2
7
2
2
3
9
5
3
2
3
3
11
5
2
9
7
2
4
11
15
4
18
9
4
16
6
5
12
7
6
11
5
11
3
2
5
14
5
11
2
4
9
8
6
12
8
10
16
14
18
2
8
5
5
7
13
9
9
3
11
4
8
6
2
5
8
8
9
4
3
4
3
7
10
8
5
9
4
8
2
4
7
9
5
7
4
8
6
5
4
11
6
3
10
9
5
14
4
10
13
9
6
3
3
6
3
4
10
13
4
4
5
4
14
9
3
12
14
4
15
10
4
7
9
4
8
13
5
4
5
7
4
8
9
9
14
3
5
6
6
6
5
5
6
11
13
7
2
16
9
11
4
7
7
7
10
8
11
7
12
9
9
13
8
7
5
3
10
6
14
11
8
10
19
8
10
6
9
8
16
4
14
5
8
16
13
15
11
11
7
15
8
5
11
7
8
8
4
6
7
9
5
12
18
19
13
6
3
11
6
7
8
22
18
14
9
17
10
4
4
9
3
10
7
7
5
15
11
10
10
11
3
15
12
16
12
10
19
9
10
12
3
10
10
13
8
7
13
6
9
5
4
4
5
14
11
3
8
3
11
3
13
17
14
19
18
9
2
9
23
6
6
21
19
8
17
6
18
9
5
13
13
7
12
12
10
9
2
2
22
8
17
9
11
3
5
15
5
12
11
5
21
11
11
6
13
7
13
12
31
7
7
12
7
7
6
11
15
3
6
11
16
16
8
8
26
16
6
15
17
4
2
6
6
5
9
12
13
12
16
11
17
9
26
10
22
5
11
6
12
7
25
14
10
4
9
7
18
13
7
13
11
21
16
10
7
13
10
19
8
9
14
8
16
7
16
5
7
7
8
14
11
14
13
13
13
2
19
13
8
10
4
18
6
7
2
8
9
19
12
4
9
19
12
21
22
8
4
3
14
5
11
13
22
3
7
4
15
9
15
24
11
7
13
9
3
18
7
19
10
5
6
11
14
4
2
16
12
13
14
17
19
10
4
17
6
11
10
21
21
17
18
7
6
25
10
15
34
25
11
18
19
16
22
7
15
17
26
16
21
19
7
17
3
12
6
7
16
4
6
11
2
6
8
14
13
4
7
17
14
5
9
18
3
12
17
8
9
11
19
12
5
15
18
6
9
15
14
19
5
6
18
4
12
16
8
5
21
6
6
20
12
13
8
20
9
15
17
13
12
11
25
31
12
4
20
24
4
3
11
10
19
5
7
23
28
6
18
5
13
10
4
9
18
30
7
15
12
9
2
15
21
9
10
8
15
29
13
11
6
5
18
6
6
13
5
9
23
7
23
26
10
2
5
22
27
18
16
18
12
16
12
17
27
13
13
12
20
12
5
6
14
17
26
11
22
15
7
19
5
8
5
23
15
4
27
26
15
21
19
7
21
5
14
9
11
30
4
13
21
2
6
6
5
15
14
41
17
5
38
24
