90206909869
90238757556
90244879958
90371371944
90421872868
90451797623
90441873914
90395418635
90395418635
90408884057
90443965415
90372074828
90475674114
90465470234
90465470234
90523884477
90587936165
90643669297
90706353485
90626029715
90754931277
90717788087
90727369044
90763932343
90771244243
90834119509
90924604499
90949904307
90978187204
91064099945
91082226403
91149264325
91149264325
91130636668
91220189750
91226184932
91226184932
91211503300
91289374451
91331344718
91391586166
91382770477
91450060081
91551993200
91622374529
91590929046
91649957453
91704358983
91726027792
91671900244
91668707787
91756154509
91801164261
91949773192
92058483582
92144944754
92221990539
92221988759
92176051809
92202348569
92168575162
92089343746
92089343746
92128047533
92311703610
92457927497
92498459286
92474143710
92474143710
92557877432
92594511586
92587791518
92730462600
92863380942
92863380942
92904971401
92990993754
92994850420
92965006916
92969547700
93015755481
93015755481
93018115296
93130270255
93260071888
93321585420
93360763780
93382164643
93454154341
93469159371
93600295153
93663813361
93807826541
93887957369
94064232424
94054499220
94120654105
94189665131
94286490083
94311438697
94311280533
94311212879
94311212879
94402116054
94477000779
94544606855
94585139001
94720971492
94705453321
94783273814
94777130392
94785424441
94821097135
94952455579
94987279708
95047093219
95046189674
95144462758
95170418951
95295533891
95412557770
95387590204
95387590204
95437088269
95568609770
95649603345
95793720968
95885024340
95940614250
95988870296
96017167597
96103772886
96086539367
96129066523
96159348075
96203292776
96199306307
96186213495
96166430321
96178643492
96137081064
96172731341
96197811811
96211847801
96192461245
96292280323
96305616940
96305616940
96305616940
96360836118
96272118686
96272118686
96219345647
96271525857
96378464004
96378464004
96473638068
96522994117
96545625424
96545625424
96621588660
96628803186
96631272637
96654939079
96740888062
96762661527
96783508658
96783508658
96760775075
96933745511
96932286633
96923467140
96948480149
97002317701
96994178098
96994178098
96994178098
96971617835
96985781681
97026407221
97026407221
97026407221
97061555847
97061555847
97109391380
97092185518
97084847501
97265171112
97328283529
97324473186
97324473186
97383627024
97519992049
97522863504
97651514144
97683380096
97776711866
97805397596
97805397596
97933483772
98122165698
98166656062
98166656062
98078554941
98066316504
98096314717
98145874560
98146188865
98284583327
98294590374
98363874275
98394508538
98424735561
98473813425
98567092654
98631210188
98541272086
98666744073
98687673929
98659900893
98636648326
98645082366
98683419706
98778091733
98899427537
99023639275
99010396065
99163782364
99316901690
99303929285
99334333709
99264093031
99322844787
99382211723
99383224488
99383224488
99372974202
99420815267
99368929241
99479662777
99487938643
99487938643
99623205112
99712868449
99744141642
99754364087
99855668273
99936294431
99950788143
99924483705
99937605642
100007378351
100113224729
100223932389
100307881570
100474327798
100453226176
100568409350
100612208708
100612208708
100716036787
100783558387
100763311765
100804683623
100794298385
100794298385
100738588721
100764800903
100866982590
100959386546
100995809178
100925609991
100977841938
100968751796
101002745046
100979351419
101085358175
101102318955
101264977655
101423788765
101423788765
101484221665
101498826390
101518484316
101552549434
101557977392
101643994339
101653559332
101568826607
101672722651
101702932831
101717676061
101798548518
101821416953
101824613498
101923619942
101966692710
101982169857
101965825750
101803793557
101918358171
101925796737
101994160643
102031720695
102031950537
102157687975
102197363361
102105358087
102111157345
102184030124
102184030124
102191387989
102367081915
102367081915
102367081915
102374517276
102448322043
102520742675
102465737532
102514889174
102562972504
102724350115
102667829854
102763236813
102714029950
102684400493
102813771117
102994848525
103021778824
103106937514
103188778464
103192218789
103137650972
103130474271
103181904560
103268474324
103340191307
103321582669
103346215572
103543780168
103639548634
103579422479
103720850313
103720850313
103720850313
103847738906
103847738906
103847738906
103857847142
103818881714
103949819184
103961019718
104157656980
104157656980
104190233303
104217556263
104299938644
104391242435
104410114826
104595368116
104648285252
104805088434
104748593828
104708339560
104766383741
104766383741
104946039753
104965182108
105130701234
105057984156
105057984156
105057913137
105131379682
105150547332
105180733166
105204025714
105162528632
105287805338
105287805338
105381433661
105381433661
105432678555
105432678555
105375627040
105423856302
105442965378
105442965378
105371429994
105371429994
105397932057
105549667778
105559656027
105497499710
105535297124
105559422006
105650213785
105662320748
105834110545
105707471637
105719118082
105752572936
105847615450
105985337950
106075079430
106222571538
106267406842
106311876671
106383562180
106437317161
106525906792
106664986009
106799241524
106841889409
106876150094
106939682616
106962986629
107027259860
107162015087
107248877714
107248552353
107259649864
107219064650
107243034442
107243034442
107242072027
107326772226
107299969062
107388284101
107398206673
107398206673
107379179712
107390432784
107378551489
107462195629
107489588785
107529248004
107564645671
107582944463
107566156539
107663174159
107684448439
107716508147
107765131693
107805970053
107881769875
107890443370
108042495418
108139458071
108147364058
108312539274
108311366813
108409027826
108407477159
108513587389
108562940855
108675006804
108687714432
108759324563
108823625677
108823521675
108806554995
108938697967
108938577826
109040565748
109054212946
109020801827
109051971412
109052161428
109181753516
109195258326
109237600204
109336366359
109336366359
109344544192
109301745480
109460055956
109483790174
109499337733
109578055851
109704105272
109768303080
109753767196
109744726910
109801930340
109844014400
109902408711
109909223914
109909223914
109909223914
109935773906
109984190120
109984190120
110066688527
110066688527
110147996996
110158359550
110150657567
110150657567
110132020943
110086900149
110088943308
110116968100
110170060551
110165277412
110248774565
110305733784
110311456202
110316148743
110425766034
110467609973
110395951307
110473145898
110460706401
110501864999
110649934419
110677607617
110681209553
110755165404
110789442299
110786246797
110815380391
110815380391
110847739743
110874920532
110955505480
110955149201
111101636677
111101636677
111092429741
110951662571
110965353172
110982981376
110921562873
110972577065
110972577065
110948078973
110948078973
111058115651
111222213927
111225240008
111225240008
111366760286
111438576712
111425112171
111548737675
111561992136
111582572771
111666896347
111754698379
111874326549
111933015735
112070517832
112239225172
112239225172
112240987293
112240987293
112267600863
112200097291
112194389331
112267157406
112267157406
112300667903
112338683767
112387944773
112409420809
112421375699
112383111055
112405327032
112422054778
112405354719
112494480031
112608680984
112655071055
112652751891
112721845164
112796851208
112753386049
112775162700
112775162700
112775162700
112810135182
112811381964
112844037816
112857224142
112872494394
113045300235
112978457535
112950151045
112962522783
113077491663
113229322299
113209776581
113322516255
113478358400
113530260659
113549969359
113552404285
113494764182
113491215327
113628011058
113595871526
113595871526
113640644570
113670236822
113815723519
113832013035
113930263555
113978794295
113984925474
113976572295
113994876649
113864850631
113864850631
113908265256
113847461065
113903043950
113903043950
113949525322
114023223042
114095678876
114165019114
114068032364
114121568575
114204597433
114188841180
114145928485
114142240115
114301880415
114301880415
114305888353
114293739077
114217285683
114159330709
114140600056
114129802932
114051414088
114153251274
114261325761
114268470080
114365587065
114466648773
114466648773
114466648773
114360190157
114435006384
114477303191
114502048123
114503652845
114508659708
114508069582
114508069582
114538261670
114538261670
114681709331
114799272475
114799272475
114799272475
114813848068
114813848068
114923587651
114984827345
114984827345
114947334481
114994851911
114986834491
115028858440
115214876496
115208527675
115144201139
115142432435
115176221941
115192446902
115189169070
115189169070
115123973076
115251006543
115218248768
115218248768
115217515308
115166317190
115166317190
115275254400
115320471417
115309609864
115337699967
115360379099
115360213922
115409059786
115419353592
115425481982
115427563542
115570097772
115726237124
115789069081
115810023353
115917968239
115945596688
115901106378
115899024818
116047873099
116037858853
116189302159
116179892227
116179892227
116216124474
116317531950
116275508001
116419147399
116446968694
116446968694
116408656118
116464209710
116513850775
116588368712
116588368712
116597392630
116557665762
116535649465
116535649465
116596474542
116594302123
116594911895
116594911895
116705059319
116705059319
116718498204
116752934033
116755965201
116743091433
116838965575
117025491405
117126460955
117142253111
117148939775
117215826161
117346600256
117394867544
117404892350
117415234218
117462788718
117472446077
117472446077
117450220636
117574716378
117560565629
117632851847
117681190165
117665045316
117696717351
117755574909
117945391793
117941360010
117938456126
117964724622
117981369516
118004337649
117996140980
117999082234
118011875877
118074317174
118105663487
118112195428
118257841122
118272591150
118280475638
118211469836
118284157986
118345182270
118352213244
118231516027
118270015854
118409637986
118557311560
118554461281
118442274175
118599784755
118599784755
118599784755
118758308896
118785748146
118711955884
118711955884
118726070201
118824427319
118824427319
118824427319
118974001336
118974001336
118997281574
119086100338
119233865563
119291674373
119293300703
119398072445
119383693354
119420193087
119500261629
119510715814
119667858369
119832856623
119928183332
120008145860
119988910757
119991099785
120044037752
120045531738
120164711302
120162615909
120230960150
120205423520
120145669902
120174300970
120286290119
120307676379
120307676379
120315587459
120403728311
120403728311
120430171974
120437443874
120576635138
120669559250
120669559250
120703661109
120754946133
120785516114
120785516114
120808566366
120944114947
121000174976
121061533048
121164077907
121180450586
121247986104
121247016597
121271448083
121271448083
121271448083
121381746097
121381705882
121266230021
121395447117
121395447117
121475417975
121567896707
121758805709
121787533596
121787533596
121775839161
121861251650
121861251650
122036774965
122031464393
122023872414
122078216235
122076202141
122160079097
122197412991
122197412991
122219276915
122317845901
122305922246
122358316219
122312605242
122362691382
122304336787
122304336787
122242069885
122321849731
122460957903
122470245807
122470245807
122470245807
122504183546
122597489174
122597489174
122549359398
122600240064
122600240064
122619365061
122700663323
122758351355
122758351355
122663380937
122677952923
122724547225
122695281383
122871880518
122943032661
122944448820
122939337847
122942952822
122968471379
122982041624
123090761788
123092414200
123122127382
123163139804
123148814493
123086629274
123162881029
123171023906
123171023906
123102954478
123102954478
123102954478
123130916968
123221722334
123237460649
123382063022
123360521868
123388386735
123415361307
123320427939
123320427939
123388534051
123396701556
123437756798
123437756798
123522571821
123522571821
123552077309
123543421689
123537832633
123624352315
123629684091
123635743366
123667005280
123726796562
123868049195
123943088129
123943105927
123943279645
124020195662
124036110439
124002915261
124003278908
124044265776
124044265776
124241744440
124241744440
124202848645
124196670630
124104628550
124104628550
124104628550
124127363082
124048823678
124052377869
124185973205
124338844571
124338844571
124396855433
124400398575
124404862974
124505814103
124446986433
124488441817
124512620113
124508240221
124596273917
124596273917
124580276334
124560048452
124692840741
124673538550
124758382046
124758382046
124831473558
124960510817
124994084972
124988502775
124988502775
125006218805
125063983275
125094694554
125123343908
125018250518
124987674172
125131233320
125068496518
125130910331
125132109012
125140450384
125187511079
125245263834
125269434810
125260842207
125368745555
125402600621
125402600621
125458927686
125558306796
125612519783
125612519783
125636514557
125680334300
125743539270
125743539270
125734265498
125751649288
125770813723
125770813723
125770360005
125825999958
125914777014
126042326684
126196007220
126255971104
126251639797
126313324723
126313324723
126313324723
126362927781
126362927781
126421338771
126421338771
126404499962
126521771068
126608725750
126641223452
126640892507
126640892507
126740769267
126740769267
126776403897
126760055948
126850799680
126858269875
126781043367
126836099713
126836099713
126836099713
126883283911
126883283911
126875718521
127056672911
126999396800
126973376689
126973376689
126962794719
127158482295
127119508791
127106641243
127113249065
127113249065
127152001043
127103337608
127103337608
127061147300
126999958115
127078983024
127061976512
127136199508
127136199508
126969253746
126968861134
126994561152
126994561152
127070800962
127134140577
127134140577
127134140577
127222750085
127225605118
127412143760
127527281387
127522466146
127706378344
127706378344
127699909469
127621471730
127626974178
127679329100
127709268320
127701747778
127729671180
127718052604
127694293052
127710578529
127712326076
127725740672
127719762235
127735433399
127735433399
127735433399
127742748208
127742748208
127788090469
127788090469
127926623073
127946145067
127950765897
127824721489
127781771096
127792799446
127880858360
127966830434
128151341204
128259279302
128258248892
128326280466
128438717582
128561611319
128575776914
128600101641
128610696977
128713410157
128675177635
128736446895
128770880093
128815817630
128897979582
128974768077
129014899949
129061581352
129061581352
129032710380
129115329261
129123147543
129100993835
129090785239
129173086612
129288880942
129169909486
129177115312
129152738063
129118977375
129159016474
129153774297
129221811515
129262701524
129399733776
129540404758
129607505268
129705906231
129798321605
129798321605
129829127984
129852082460
130013470510
130013470510
130193335997
130271058072
130240219370
130417689626
130603418856
130558413842
130558413842
130542365386
130740189788
130794016268
130835221315
130872496772
130841132142
130841118405
130841118405
130841118405
130921452119
130893182860
130927538836
130913243819
131052236264
130987843573
130987843573
130993725381
131062806222
131104195160
131247140924
131234634719
131261291041
131261291041
131272010519
131268271428
131294344752
131275190735
131288758338
131301095528
131317764123
131317764123
131413989878
131381248724
131568477584
131677711423
131717782633
131740206669
131740206669
131740206669
131740206669
131663968591
131703649201
131727425034
131816187308
131851349408
131851349408
131873444568
131880927886
131983875894
132029003292
132051085920
132102664900
132105573964
132116513272
132253164011
132306394645
132270898658
132270898658
132270898658
132261038414
132331731721
132391311233
132443182520
132455128353
132501981705
132582000509
132644280161
132622524415
132668499725
132736671565
132840554686
132840554686
132985974427
132985974427
132985974427
133079838840
133236885292
133328313845
133415020433
133367157615
133355068985
133424258381
133435163849
133556649316
133475640199
133475640199
133475640199
133538264907
133659738767
133768740133
133798872979
133809764626
133877132169
133810631768
133778451909
133730299367
133730299367
133744493487
133808713995
133831086732
133813336000
133712373465
133781785473
133781785473
133768899060
133906080121
133894697440
133894697440
133894697440
133886685735
133972531219
133930095475
133930095475
133921769668
133916272224
133980041996
133980041996
133961553113
133961553113
133980552024
133980552024
134047357821
134057524920
134088922113
134113340608
134172089036
134097730879
134117033535
134117033535
134285226630
134483939665
134483939665
134529763747
134490109609
134517290275
134649025537
134615583836
134692694647
134597142653
134597142653
134584149602
134584806470
134611385394
134536900697
134609641615
134601148464
134599706084
134591666808
134591666808
134527358489
134672135133
134685756303
134662490762
134662490762
134722270406
134797541342
134868771539
134960617832
135125242267
135154162422
135179618372
135186556906
135245471982
135288071377
135272834192
135164056714
135342651100
135372620976
135348296249
135431401530
135457779327
135511002578
135507067627
135662226398
135634069158
135735343683
135783309908
135896869243
135896869243
135875633495
135982166839
135961142703
136040456941
136065642347
136129424242
136122459418
136122459418
136178849424
136169599740
136205899188
136274940225
136306405081
136498565491
136506818329
136560912563
136483033353
136580818719
136687547429
136687547429
136780411091
136802640976
136841887211
136824168885
136904545907
136866084299
136888317459
136901576666
136932064272
137015585646
137015585646
137015585646
136957633700
136940439654
137128692164
137128692164
137249347091
137249347091
137261445852
137250713037
137250713037
137251286181
137250412995
137308982160
137334881344
137334881344
137334881344
137372105920
137518583748
137640209605
137602528045
137579249526
137579249526
137571951370
137716925429
137742692713
137725339928
137747138388
137751065788
137751065788
137866441647
137868586645
137908091121
138078807299
138103902907
138238972855
138339875531
138385174570
138295904385
138295904385
138217105205
138245105231
138325176122
138317336787
138317336787
138391677073
138372968349
138374407264
138394718211
138477346351
138497836677
138521988034
138539780299
138581424122
138650507765
138674739285
138675995210
138662378617
138725578244
138863148872
138944349522
138944349522
138795941760
138707356929
138709339585
138711962898
138777056542
138686250212
138773550062
138729450230
138886412167
139019005836
139033895379
139009987962
139009987962
138970020211
138928823040
138874509112
138930035620
138999002582
139015718582
139014224596
139047480715
139194201996
139194201996
139278882573
139307197874
139360494379
139428850950
139458595602
139449187030
139492079189
139513891789
139689903398
139714259408
139815588591
139818932231
139858042389
139867764188
140007127398
139987894986
140067201798
140102429532
140265175486
140315407253
140306095045
140306095045
140391209489
140340893235
140374927624
140477632358
140573771006
140602862034
140681452751
140698235268
140788567077
140795318782
140939110299
140943679134
141014885195
141135592121
141152615622
141113450912
141274475732
141293209714
141303356740
141303356740
141394501389
141365475277
141376788287
141376788287
141407821659
141415173819
141579704806
141496776448
141496776448
141556396288
141579921074
141758058100
141758058100
141747338622
141711863292
141681072755
141681072755
141851393287
141851393287
141890049796
141912959251
141971563485
142069191742
142079351680
142050118215
142160749367
142136494961
142241165073
142241165073
142241165073
142220023058
142163107780
142288051679
142307954561
142339016097
142339016097
142463162252
142559921765
142741752074
142741752074
142653460234
142653460234
142658687980
142855290118
142859826428
142912737817
142912737817
142926229446
143017708347
143216161435
143117443072
143116175056
143121012170
143121012170
143238801907
143238801907
143292031885
143372018042
143537058078
143560235845
143558270867
143731181779
143692480700
143657612013
143666542407
143657441674
143725711839
143860620663
143872192971
143847298440
143838792336
143865161121
143880919710
143972396323
144022405538
144092637925
144033616171
144054578950
144024874559
144024874559
144024874559
144037147949
144130722712
144130722712
144130722712
144142945127
144142945127
144240333260
144230078298
144274343242
144270946243
144270946243
144205589665
144339887369
144339887369
144328634297
144398067144
144379575468
144398099954
144398099954
144408328039
144569368031
144675708970
144578433721
144578433721
144681086222
144677770072
144698620922
144855962348
144839481999
144857099243
145033027922
145113764519
145113764519
145113102729
145022218166
145022218166
145022218166
145189671144
145207592836
145230562869
145279039652
145274314084
145389292105
145383119421
145383119421
145420802422
145484158994
145575088969
145546950070
145493112518
145493112518
145493112518
145518794310
145575727140
145633051074
145633051074
145601390228
145601390228
145548944526
145548944526
145548944526
145530120222
145612424453
145647229923
145647229923
145728580403
145733677219
145736126183
145799062818
145907733472
145910698399
145857596006
145857596006
145820339819
145923123465
145949200208
146049823572
146054899878
146113764467
146138312056
146138378522
146207582464
146265564592
146276268740
146276268740
146412174040
146511935869
146511935869
146621720321
146587916198
146598521489
146530804311
146486372357
146603338814
146662321006
146659555788
146685405662
146683062309
146650702374
146662294788
146705484634
146768172381
146768111131
146904870425
146888116001
146953517767
147080728935
147079819348
147079248968
147105628096
147171249348
147128965876
147155579995
147168842156
147158361241
147193768310
147361753988
147432745696
147424395341
147488824683
147488824683
147488824683
147488824683
147579045497
147526248931
147526248518
147654896974
147654896974
147717533088
147717533088
147767797461
147767797461
147777364195
147779299233
147825286365
147769428073
147740027769
147666963279
147752133051
147730818410
147833083740
147834229450
147834229450
147834229450
147834229450
147834086943
147878477655
147877070119
147877457165
147846065239
147911180441
147976178327
147976178327
147963028137
148094590165
148084410279
148163154681
148163154681
148103828575
148132238335
148235169732
148168674316
148321217068
148296550491
148358830174
148452537970
148635454335
148530047033
148530047033
148571843651
148695169073
148734742843
148776285628
148811946091
148816836171
148993783404
148993783404
148979208127
148979208127
149030429062
149030429062
148987970742
149038080562
149038080562
149105711317
149082497924
149162748562
149211041846
149367206216
149456917853
149353109915
149548692893
149548692893
149548692893
149548692893
149546671430
149471839092
149496916160
149530185311
149602126314
149602126314
149602126314
149592707669
149713485169
149701954637
149787836511
149809993569
149847299864
149863303790
149857857788
149893304527
149907224167
149987886902
150181241744
150137264018
150155794283
150315169259
150392855960
150413140417
150581064870
150581064870
150581064870
150637570822
150501303405
150537051400
150537051400
150487231652
150594968566
150568146707
150604345415
150569979506
150574569752
150608794062
150681625110
150688294116
150688294116
150568633632
150630700482
150630700482
150630700482
150622085606
150587752809
150587752809
150596079497
150625311130
150566228824
150629418893
150583707677
150583707677
150459873707
150470186688
150479214617
150508235018
150498317452
150487472300
150479352220
150421598162
150425571710
150397326619
150497868647
150497868647
150510402483
150511945866
150681980797
150681498135
150598489322
150676096887
150650349111
150706366369
150723644111
150780055011
150780055011
150817395683
150896094147
150836471049
150826671891
150864607457
150918267111
150931668312
151082566104
151121232575
151264692025
151240834000
151366683849
151366683849
151391518868
151391518868
151495864014
151495864014
151587999724
151656355704
151662991515
151662991515
151650022438
151687471497
151687208614
151611826253
151584897824
151593744386
151597743260
151597743260
151607536090
151719314568
151659168036
151758850240
151753828939
151875210038
151909399637
151918501137
151912743158
151992711541
151952461678
152021246255
152031808107
152031808107
152168917885
152168917885
152077610732
152059902585
152012561300
152039713118
152156969020
152165725983
152250640519
152259931084
152228032798
152245117054
152211719874
152372872219
152419403818
152531782570
152504495619
152504495619
152575324537
152644138840
152673152603
152673152603
152639157345
152639157345
152639157345
152707357684
152693195653
152835810943
152828762445
152839234257
152848389336
152868100908
152856464323
152920667848
152878541385
152878541385
152854557194
152900638299
152973193087
152941150453
152958421498
152992304153
153191155407
153201353126
153276000758
153350068046
153522546498
153529636277
153529636277
153520646963
153521057035
153521057035
153521057035
153544137105
153537878777
153573260493
153577030570
153578715742
153541047121
153541047121
153586679151
153677747537
153679348018
153718705052
153913100639
153913100639
153915227353
153993361934
154005375755
154024225417
154004085095
154041357907
154089113816
154158440872
154140540519
154158058648
154156633330
154064198680
154058956153
154006958912
154029404689
154064216572
154070897083
154175647817
154083159355
154054900355
154054900355
154056559660
154149181566
154276508318
154264731920
154447841418
154554282250
154582627637
154647214006
154637247560
154567759534
154596813236
154487261612
154481151076
154539583512
154736474260
154752573858
154767679390
154741414502
154794751761
154797278112
154787241177
154737909963
154664025611
154664025611
154592123943
154692945689
154707768892
154668369764
154718538176
154700662215
154667632797
154780036538
154780036538
154798576476
154798576476
154798208553
154823637434
154823637434
154904667140
155080811140
155080811140
155084778010
155149735199
155236053534
155234390920
155298594886
155273108624
155336477942
155357743782
155370493409
155421033510
155398532055
155438363487
155486111119
155601665027
155429273518
155595178575
155594332818
155746062083
155781042729
155786229483
155978615503
155978300286
155979979591
156104352217
156243835241
156180337108
156137501928
156137501928
156221740908
156197473983
156140640266
156127167466
156069457330
155993704766
156068776793
156068776793
156068776793
156093777325
156267336583
156429480413
156383718806
156501688436
156542202698
156584434332
156729559644
156689367218
156771474820
156758222022
156758222022
156758222022
156697159201
156697159201
156755181651
156802509730
156888347343
156862169604
156858211238
156868758092
156868758092
156868758092
156869579246
156712929546
156717734734
156696462715
156696462715
156851666071
156959242220
156923226205
157028121771
157028121771
157051657504
157117210880
157245290285
157229640356
157320644027
157320644027
157257402372
157338390364
157375404751
157375404751
157476214953
157480813174
157480813174
157420912970
157435912960
157442171018
157431357298
157568699003
157645043783
157645043783
157756046835
157788552668
157840602918
157840602918
157875670040
157875670040
157870575376
157927305255
157950509251
157998688062
157899416108
157821963658
157740718509
157691517910
157729932128
157813595928
157807337870
157989623830
158158042834
158158042834
158240013127
158239422833
158098008875
158106155690
158204375442
158261016508
158270777871
158323007957
158207385803
158207385803
158360478993
158368437365
158311586298
158392305314
158400916903
158373006897
158337869055
158156691701
158156691701
158151485477
158261564026
158354402026
158458765420
158549831790
158554355008
158554355008
158524632464
158536998286
158547315939
158547413930
158549844568
158612088013
158626100799
158626100799
158592118584
158549827780
158549827780
158669356382
158570241427
158576551939
158576551939
158576551939
158685317484
158712550846
158718356456
158826200862
158919585040
158981933794
158981933794
159066306085
159066445037
159041939357
159004153150
159079527822
159079527822
159093649050
159227208308
159216032868
159216032868
159259056117
159329776033
159334026061
159497633599
159497633599
159497633599
159435167394
159461714904
159461714904
159471582959
159495245361
159475721167
159666892971
159672440699
159733060793
159733060793
159772238093
159827041728
159885553346
159896239688
159896239688
160013762107
159928871667
159937602413
159925371281
159993711841
160076407910
160056420585
160139314884
160163301742
160161327954
160210512017
160281079031
160285632226
160285632226
160292003309
160306205911
160306205911
160325004341
160319679313
160414837164
160414837164
160569021637
160575611975
160516604611
160516468472
160640489083
160640489083
160651661471
160513994849
160554250144
160569596752
160508066618
160533847160
160533847160
160589456210
160531482457
160640231611
160644110874
160627636594
160633348107
160655585458
160678173492
160744395521
160833941928
160929233742
161027812579
161020045377
161131605446
161261968050
161261968050
161365235690
161515447694
161477454942
161425853056
161405456264
161405456264
161469333835
161373705445
161449273523
161523735914
161590565010
161590565010
161666734168
161666734168
161722006364
161671991261
161871036309
161871036309
161819943154
161930926393
161926944934
162030410974
161985398991
162057457772
162076922138
162096207148
162144017488
162176713261
162332712999
162455977564
162460905568
162548586797
162518323323
162491253777
162567066887
162533178309
162470430245
162530947146
162625252254
162625252254
162756243468
162756243468
162888486588
162866445662
162905173071
162905173071
162931364196
163012841188
162996235666
162974267394
162903555592
162915011639
162805272170
162862907255
162842826290
162842670180
162842670180
162842670180
162758287350
162724596132
162724596132
162719085879
162858490855
162761362108
162852360621
162892139585
162950306804
162947834893
163054600900
162959912368
162982325984
163060251106
163177914441
163263476083
163294434152
163397279575
163306970699
163370776231
163439043789
163596644133
163683217471
163819343901
163950164715
164041570064
164134741027
164135252991
163990587520
164043830862
164027242144
164090532878
164121102942
164242416572
164290151241
164313412919
164313412919
164335400815
164397571002
164438944482
164438792982
164417978034
164449484154
164449315318
164552011347
164523833867
164572459717
164518729851
164625560667
164582635838
164589277494
164589277494
164559343074
164576938077
164609955241
164610768367
164639795118
164670808676
164670808676
164685722253
164764775561
164764775561
164774859071
164774859071
164622527845
164629084285
164629084285
164629084285
164597887842
164674826792
164695125214
164695125214
164737508718
164787281042
164818002271
164818002271
164825804939
164831008290
164902478463
164932009336
164923408758
164906756764
164941645004
164960714271
164934626633
164995812491
164995812491
165030622108
165030622108
165076460315
165010627778
165089059578
165112123939
165177335362
165228612294
165255459034
165239295774
165181139480
165344292428
165463798080
165493396341
165509420815
165581286582
165581286582
165662746730
165823567396
165870093831
165837050963
165796439150
165836378071
165822054414
165826498617
165762800369
165809251275
165938019635
165938019635
165967647212
166055643150
166074836963
166086006141
166031421428
166189534212
166192317772
166354531550
166451588961
166451039424
166451039424
166451039424
166483420130
166483420130
166463214229
166445192271
166358286248
166385864507
166404921203
166302158973
166283854619
166334693071
166272057213
166361250265
166371839171
166451184487
166519681730
166635937015
166596788176
166597022830
166695752582
166732930963
166763743650
166906766680
166906766680
166908168539
167062804399
167062804399
166985369399
166890770009
166925439036
166982234865
167059535057
166914342085
167019892710
167081940638
167081940638
167078339651
167090989299
166991584851
167114954453
167078897214
167078897214
167078897214
167168751839
167299527348
167340013222
167333650187
167273260247
167240235506
167301678224
167265266683
167265266683
167232053113
167301680036
167240335585
167230949616
167263688883
167326497309
167363453048
167461254800
167473326496
167631339050
167754547874
167726697029
167726697029
167802130416
167783626035
167783626035
167858306260
167852576265
167852576265
167857784718
168018443974
168108059969
168214670739
168196938772
168206916528
168247921773
168246519914
168297498945
168305781953
168281261829
168322097219
168322097219
168415549625
168511048186
168482908333
168449740672
168449740672
168450974641
168407302404
168497585400
168607551521
168683176463
168683176463
168705656601
168726967763
168859543925
168840125585
168872154948
168861674569
168972555395
168981813308
169159281132
169171283524
169254672367
169328383427
169318745886
169340920662
169309419220
169420293924
169420293924
169386740283
169386740283
169350172666
169415587458
169421801795
169483827144
169440942671
169427584711
169379568726
169474220430
169534291140
169549235634
169549235634
169545663114
169543273833
169541230228
169520520839
169520520839
169630532853
169702147492
169784459145
169784459145
169846688151
169811883976
169828861177
169875393954
169875393954
169675911180
169675911180
169729048257
169731936742
169748133002
169942500106
169940673329
169920419694
169995673400
170067149649
170096869099
170043025198
170043025198
170041007299
170019777106
170106311364
170077370617
170195210203
170350499330
170396371856
170458090996
170541077775
170557554830
170700524716
170751123357
170912053877
170991020335
171067870049
171123611798
171208473494
171208244475
171210770900
171323728302
171417970113
171436404317
171618273285
171618273285
171606818534
171576005847
171672083331
171633813408
171741009090
171750650390
171879231584
171901726824
172093327966
172083399253
172083399253
172083399253
172097195870
172093684554
172205187358
172398466362
172333093017
172335254431
172439884204
172507219491
172494603129
172619160223
172616213026
172659990136
172659990136
172674145806
172598715917
172611582601
172797364223
172774676620
172869464530
172899609830
172895406184
173057787959
173189732905
173215843979
173150348822
173150348822
173150348822
173150348822
173162814650
173177586498
173174720266
173237795318
173290787245
173280244929
173331178830
173284656865
173342376477
173336604375
173283316605
173391923593
173346078572
173355185091
173355011247
173382401551
173327064936
173388133743
173388133743
173432319273
173602235757
173610398798
173740677080
173789236733
173783584821
173816612311
173787420824
173803962532
173803962532
173848727844
173920063738
174094639846
174175973591
174175973591
174209918391
174152544570
174168699263
174213508782
174198357726
174096665168
174161551044
174213214500
174341876150
174306528194
174306528194
174237468015
174380154297
174420530731
174567962666
174566231466
174557765246
174557517437
174601242099
174780494539
174782431538
174797203435
174797203435
174709661522
174709661522
174754484797
174743562800
174849789500
174980490434
174960352941
175016524725
175019869793
175044230759
175181968291
175181968291
175181968291
175181968291
175346500219
175394508318
175394708320
175513178319
175513178319
175556296527
175579030530
175605096519
175511678736
175564139504
175486475152
175473725457
175540979108
175540979108
175624594117
175624594117
175643258002
175639893769
175657862067
175650951470
175700766430
175749629667
175766550864
175770853350
175807130744
175802683107
175842069112
175866127640
176021850142
176016299088
176012719366
176018343262
176081065609
175949880501
175949664014
175956668440
176008138152
176004643932
176041683353
176041683353
175975369245
176003760851
175934444121
175971678321
175910171811
175812280049
175776934913
175710410964
175715424083
175712512919
175712512919
175668563815
175643770659
175668053781
175659845386
175682535334
175727092500
175733519979
175642563358
175639218290
175639218290
175619121551
175666226369
175703503887
175630093861
175726556986
175764490165
175779537375
175875297447
175875297447
175922478968
175922478968
175922478968
175972221388
175972176092
175987201586
176027875356
176144832440
176094372752
176081599418
176002360145
175969664372
175969664372
175990447086
176099417394
176103146062
176104081712
176131002863
176153463540
176153463540
176149351782
176229687879
176254396749
176447938667
176527256161
176554336353
176512527902
176516512632
176516512632
176638630766
176639106367
176639106367
176615047839
176676674929
176680531136
176707460250
176882696610
176881485421
176972839901
176931799222
176860079152
176903804099
176903804099
176877665134
176877665134
176823745555
176845385780
176894574251
176860843273
176822024704
176889180238
176889180238
176961432184
176961432184
176961432184
176961432184
176893036416
176944922109
176913100951
176913826221
176989797108
176989797108
176991021404
176959115595
177138491049
177073073417
177073073417
177041051081
177052465330
177066540436
177066540436
177099222629
176969525388
177020973931
176934780465
176989898843
177024540925
177043896439
177043896439
177164172610
177138262148
177109354376
177165954938
177186653799
177076786539
177190444911
177141963956
177141963956
177164874688
177164874688
177066520004
177072045252
177072045252
177096375500
177061786231
177064171894
177138781922
177064464389
177172764319
177164754634
177221851886
177286583115
177190994694
177207208167
177186507771
177354099117
177364796250
177442880447
177436696188
177450935982
177517194311
177522874682
177522874682
177395692746
177466240396
177461137529
177491485690
177531861130
177531861130
177483672680
177458271886
177456536915
177456536915
177446165050
177478169706
177574787152
177769072488
177827675317
177860912823
177893486583
177981801324
177967359897
177987198065
177968999020
178066640430
178030511687
178095182307
178080217455
178179989670
178232007544
178232007544
178321114042
178344738573
178362408635
178362408635
178376739159
178376739159
178365318206
178371162080
178412052140
178332033489
178332033489
178335108263
178335108263
178335108263
178458897987
178394296650
178415934670
178415934670
178415934670
178551018972
178551018972
178541391161
178541391161
178556936015
178605793178
178572616276
178544058136
178544058136
178650854896
178681734719
178741000464
178621710157
178633927402
178599354543
178605219162
178605219162
178605219162
178732243813
178682248270
178635190631
178831652663
178831652663
178868577755
178920403937
178925616717
178967110932
178968361720
179010371936
178958844026
179001361570
179001361570
179001361570
179049065148
179049065148
179045631061
179062876157
178995487935
179010823907
179014314349
179138776983
179275527163
179288202131
179340041687
179456844825
179405029525
179416277061
179442877623
179421846736
