53
52
51
51
50
51
51
51
50
51
50
50
51
52
52
52
52
53
53
52
52
53
53
53
52
52
52
52
52
52
51
50
51
51
52
51
50
51
51
51
51
52
52
53
53
52
53
53
53
52
52
52
52
51
51
50
50
50
50
51
51
51
51
51
51
52
51
50
50
50
51
50
51
50
51
51
50
49
49
49
49
49
50
50
50
51
51
51
50
50
49
49
49
49
49
49
48
48
47
46
45
45
45
46
46
46
45
45
45
44
44
44
44
44
45
46
47
47
48
48
48
47
46
47
47
46
46
47
48
48
48
47
47
46
47
47
48
49
48
48
49
49
48
47
48
47
47
47
47
48
48
48
48
48
48
47
47
46
47
46
45
46
45
46
46
47
47
47
48
49
48
47
46
46
47
47
47
47
47
47
47
47
46
45
46
45
45
46
46
46
46
45
45
44
43
43
43
44
44
43